<?xml version="1.0" encoding="UTF-8"?>
<testsuite xmlns:xsi="http://www.w3.org/2001/XMLSchema-instance" xsi:noNamespaceSchemaLocation="https://maven.apache.org/surefire/maven-surefire-plugin/xsd/surefire-test-report.xsd" name="uk.gov.dwp.uc.pairtest.TicketServiceImplTest" time="1.472" tests="9" errors="0" skipped="0" failures="0">
  <properties>
    <property name="java.specification.version" value="17"/>
    <property name="sun.cpu.isalist" value="amd64"/>
    <property name="sun.jnu.encoding" value="Cp1252"/>
    <property name="java.class.path" value="C:\Users\Josclen Raposo\Desktop\cinema-tickets\target\test-classes;C:\Users\Josclen Raposo\Desktop\cinema-tickets\target\classes;C:\Users\Josclen Raposo\.m2\repository\junit\junit\4.13.2\junit-4.13.2.jar;C:\Users\Josclen Raposo\.m2\repository\org\hamcrest\hamcrest-core\1.3\hamcrest-core-1.3.jar;C:\Users\Josclen Raposo\.m2\repository\org\mockito\mockito-core\4.10.0\mockito-core-4.10.0.jar;C:\Users\Josclen Raposo\.m2\repository\net\bytebuddy\byte-buddy\1.12.19\byte-buddy-1.12.19.jar;C:\Users\Josclen Raposo\.m2\repository\net\bytebuddy\byte-buddy-agent\1.12.19\byte-buddy-agent-1.12.19.jar;C:\Users\Josclen Raposo\.m2\repository\org\objenesis\objenesis\3.3\objenesis-3.3.jar;C:\Users\Josclen Raposo\.m2\repository\org\mockito\mockito-junit-jupiter\4.10.0\mockito-junit-jupiter-4.10.0.jar;C:\Users\Josclen Raposo\.m2\repository\org\junit\jupiter\junit-jupiter-api\5.9.1\junit-jupiter-api-5.9.1.jar;C:\Users\Josclen Raposo\.m2\repository\org\opentest4j\opentest4j\1.2.0\opentest4j-1.2.0.jar;C:\Users\Josclen Raposo\.m2\repository\org\junit\platform\junit-platform-commons\1.9.1\junit-platform-commons-1.9.1.jar;C:\Users\Josclen Raposo\.m2\repository\org\apiguardian\apiguardian-api\1.1.2\apiguardian-api-1.1.2.jar;C:\Users\Josclen Raposo\.m2\repository\org\junit\jupiter\junit-jupiter\5.9.0\junit-jupiter-5.9.0.jar;C:\Users\Josclen Raposo\.m2\repository\org\junit\jupiter\junit-jupiter-params\5.9.0\junit-jupiter-params-5.9.0.jar;C:\Users\Josclen Raposo\.m2\repository\org\junit\jupiter\junit-jupiter-engine\5.9.0\junit-jupiter-engine-5.9.0.jar;C:\Users\Josclen Raposo\.m2\repository\org\junit\platform\junit-platform-engine\1.9.0\junit-platform-engine-1.9.0.jar;"/>
    <property name="java.vm.vendor" value="Oracle Corporation"/>
    <property name="sun.arch.data.model" value="64"/>
    <property name="user.variant" value=""/>
    <property name="java.vendor.url" value="https://java.oracle.com/"/>
    <property name="user.timezone" value="Europe/London"/>
    <property name="os.name" value="Windows 10"/>
    <property name="java.vm.specification.version" value="17"/>
    <property name="sun.java.launcher" value="SUN_STANDARD"/>
    <property name="user.country" value="GB"/>
    <property name="sun.boot.library.path" value="C:\Users\Josclen Raposo\.jdks\openjdk-17.0.2\bin"/>
    <property name="sun.java.command" value="C:\Users\JOSCLE~1\AppData\Local\Temp\surefire8138052329190719780\surefirebooter916685443816580682.jar C:\Users\Josclen Raposo\AppData\Local\Temp\surefire8138052329190719780 2023-01-02T13-26-08_704-jvmRun1 surefire17997625001914096566tmp surefire_08091997949671991128tmp"/>
    <property name="jdk.debug" value="release"/>
    <property name="surefire.test.class.path" value="C:\Users\Josclen Raposo\Desktop\cinema-tickets\target\test-classes;C:\Users\Josclen Raposo\Desktop\cinema-tickets\target\classes;C:\Users\Josclen Raposo\.m2\repository\junit\junit\4.13.2\junit-4.13.2.jar;C:\Users\Josclen Raposo\.m2\repository\org\hamcrest\hamcrest-core\1.3\hamcrest-core-1.3.jar;C:\Users\Josclen Raposo\.m2\repository\org\mockito\mockito-core\4.10.0\mockito-core-4.10.0.jar;C:\Users\Josclen Raposo\.m2\repository\net\bytebuddy\byte-buddy\1.12.19\byte-buddy-1.12.19.jar;C:\Users\Josclen Raposo\.m2\repository\net\bytebuddy\byte-buddy-agent\1.12.19\byte-buddy-agent-1.12.19.jar;C:\Users\Josclen Raposo\.m2\repository\org\objenesis\objenesis\3.3\objenesis-3.3.jar;C:\Users\Josclen Raposo\.m2\repository\org\mockito\mockito-junit-jupiter\4.10.0\mockito-junit-jupiter-4.10.0.jar;C:\Users\Josclen Raposo\.m2\repository\org\junit\jupiter\junit-jupiter-api\5.9.1\junit-jupiter-api-5.9.1.jar;C:\Users\Josclen Raposo\.m2\repository\org\opentest4j\opentest4j\1.2.0\opentest4j-1.2.0.jar;C:\Users\Josclen Raposo\.m2\repository\org\junit\platform\junit-platform-commons\1.9.1\junit-platform-commons-1.9.1.jar;C:\Users\Josclen Raposo\.m2\repository\org\apiguardian\apiguardian-api\1.1.2\apiguardian-api-1.1.2.jar;C:\Users\Josclen Raposo\.m2\repository\org\junit\jupiter\junit-jupiter\5.9.0\junit-jupiter-5.9.0.jar;C:\Users\Josclen Raposo\.m2\repository\org\junit\jupiter\junit-jupiter-params\5.9.0\junit-jupiter-params-5.9.0.jar;C:\Users\Josclen Raposo\.m2\repository\org\junit\jupiter\junit-jupiter-engine\5.9.0\junit-jupiter-engine-5.9.0.jar;C:\Users\Josclen Raposo\.m2\repository\org\junit\platform\junit-platform-engine\1.9.0\junit-platform-engine-1.9.0.jar;"/>
    <property name="sun.cpu.endian" value="little"/>
    <property name="user.home" value="C:\Users\Josclen Raposo"/>
    <property name="user.language" value="en"/>
    <property name="java.specification.vendor" value="Oracle Corporation"/>
    <property name="java.version.date" value="2022-01-18"/>
    <property name="java.home" value="C:\Users\Josclen Raposo\.jdks\openjdk-17.0.2"/>
    <property name="file.separator" value="\"/>
    <property name="basedir" value="C:\Users\Josclen Raposo\Desktop\cinema-tickets"/>
    <property name="java.vm.compressedOopsMode" value="32-bit"/>
    <property name="line.separator" value="&#10;"/>
    <property name="java.vm.specification.vendor" value="Oracle Corporation"/>
    <property name="java.specification.name" value="Java Platform API Specification"/>
    <property name="surefire.real.class.path" value="C:\Users\JOSCLE~1\AppData\Local\Temp\surefire8138052329190719780\surefirebooter916685443816580682.jar"/>
    <property name="user.script" value=""/>
    <property name="sun.management.compiler" value="HotSpot 64-Bit Tiered Compilers"/>
    <property name="java.runtime.version" value="17.0.2+8-86"/>
    <property name="user.name" value="Josclen Raposo"/>
    <property name="path.separator" value=";"/>
    <property name="os.version" value="10.0"/>
    <property name="java.runtime.name" value="OpenJDK Runtime Environment"/>
    <property name="file.encoding" value="Cp1252"/>
    <property name="java.vm.name" value="OpenJDK 64-Bit Server VM"/>
    <property name="localRepository" value="C:\Users\Josclen Raposo\.m2\repository"/>
    <property name="java.vendor.url.bug" value="https://bugreport.java.com/bugreport/"/>
    <property name="java.io.tmpdir" value="C:\Users\JOSCLE~1\AppData\Local\Temp\"/>
    <property name="idea.version" value="2022.2.2"/>
    <property name="java.version" value="17.0.2"/>
    <property name="user.dir" value="C:\Users\Josclen Raposo\Desktop\cinema-tickets"/>
    <property name="os.arch" value="amd64"/>
    <property name="java.vm.specification.name" value="Java Virtual Machine Specification"/>
    <property name="sun.os.patch.level" value=""/>
    <property name="native.encoding" value="Cp1252"/>
    <property name="java.library.path" value="C:\Users\Josclen Raposo\.jdks\openjdk-17.0.2\bin;C:\WINDOWS\Sun\Java\bin;C:\WINDOWS\system32;C:\WINDOWS;C:\Program Files\Common Files\Oracle\Java\javapath;C:\Program Files (x86)\Intel\iCLS Client\;C:\Program Files\Intel\iCLS Client\;C:\WINDOWS\system32;C:\WINDOWS;C:\WINDOWS\System32\Wbem;C:\WINDOWS\System32\WindowsPowerShell\v1.0\;C:\WINDOWS\System32\OpenSSH\;C:\Program Files (x86)\Intel\Intel(R) Management Engine Components\DAL;C:\Program Files\Intel\Intel(R) Management Engine Components\DAL;C:\Program Files (x86)\Intel\Intel(R) Management Engine Components\IPT;C:\Program Files\Intel\Intel(R) Management Engine Components\IPT;C:\Program Files\Intel\WiFi\bin\;C:\Program Files\Common Files\Intel\WirelessCommon\;C:\ProgramData\chocolatey\bin;C:\Program Files\Git\cmd;C:\Program Files (x86)\Git\cmd;C:\Users\Josclen Raposo\.jdks\openjdk-17.0.2\bin;C:\Users\Josclen Raposo\.jdks\openjdk-17.0.2\bin;C:\Users\Josclen Raposo\apache-maven-3.8.5\bin;C:\Program Files\Go\bin;C:\Program Files\MySQL\MySQL Server 8.0\bin;C:\Program Files\Docker\Docker\resources\bin;C:\ProgramData\DockerDesktop\version-bin;C:\Program Files\PuTTY\;C:\Users\Josclen Raposo\Desktop\skaffold-windows-amd64.exe;C:\Program Files\Kubernetes\Minikube;C:\Users\Josclen Raposo\go\src\gitleaks\gitleaks.exe;C:\Program Files\nodejs\;C:\Program Files\MySQL\MySQL Shell 8.0\bin\;C:\Users\Josclen Raposo\AppData\Local\Programs\Python\Python310\Scripts\;C:\Users\Josclen Raposo\AppData\Local\Programs\Python\Python310\;C:\Program Files (x86)\Intel\iCLS Client\;C:\Program Files\Intel\iCLS Client\;C:\WINDOWS\system32;C:\WINDOWS;C:\WINDOWS\System32\Wbem;C:\WINDOWS\System32\WindowsPowerShell\v1.0\;C:\WINDOWS\System32\OpenSSH\;C:\Program Files (x86)\Intel\Intel(R) Management Engine Components\DAL;C:\Program Files\Intel\Intel(R) Management Engine Components\DAL;C:\Program Files (x86)\Intel\Intel(R) Management Engine Components\IPT;C:\Program Files\Intel\Intel(R) Management Engine Components\IPT;C:\Program Files\Intel\WiFi\bin\;C:\Program Files\Common Files\Intel\WirelessCommon\;C:\Program Files\Amazon\AWSCLIV2\;C:\Users\Josclen Raposo\AppData\Local\Microsoft\WindowsApps;C:\Program Files\Intel\WiFi\bin\;C:\Program Files\Common Files\Intel\WirelessCommon\;C:\Users\Josclen Raposo\AppData\Local\Microsoft\WindowsApps;C:\Program Files\Amazon\AWSCLI;C:\Users\Josclen R;."/>
    <property name="java.vm.info" value="mixed mode, sharing"/>
    <property name="java.vendor" value="Oracle Corporation"/>
    <property name="java.vm.version" value="17.0.2+8-86"/>
    <property name="sun.io.unicode.encoding" value="UnicodeLittle"/>
    <property name="java.class.version" value="61.0"/>
  </properties>
  <testcase name="testTicketPurchaseForChildOrInfantWithoutAdult" classname="uk.gov.dwp.uc.pairtest.TicketServiceImplTest" time="1.318"/>
  <testcase name="testTicketPurchaseForAnAdultOnly" classname="uk.gov.dwp.uc.pairtest.TicketServiceImplTest" time="0.052"/>
  <testcase name="testPurchaseForZeroTickets" classname="uk.gov.dwp.uc.pairtest.TicketServiceImplTest" time="0.002"/>
  <testcase name="testSeatReservationForAnAdultOnly" classname="uk.gov.dwp.uc.pairtest.TicketServiceImplTest" time="0.002"/>
  <testcase name="testTicketPurchaseValidityIfAdultsLessThanInfants" classname="uk.gov.dwp.uc.pairtest.TicketServiceImplTest" time="0.002"/>
  <testcase name="testTicketPurchaseWithInvalidAccountId" classname="uk.gov.dwp.uc.pairtest.TicketServiceImplTest" time="0.002"/>
  <testcase name="testExceedMaximumTicketPurchaseLimit" classname="uk.gov.dwp.uc.pairtest.TicketServiceImplTest" time="0.003"/>
  <testcase name="testSeatReservation" classname="uk.gov.dwp.uc.pairtest.TicketServiceImplTest" time="0.004"/>
  <testcase name="testPurchaseTickets" classname="uk.gov.dwp.uc.pairtest.TicketServiceImplTest" time="0.004"/>
</testsuite>